 0.00000E+00  0.00000E+00 -4.00000E+00  0.00000E+00  0.00000E+00 -2.40000E+00  0.00000E+00  3.80132E+00  0.00000E+00 0.0 
 0.00000E+00  0.00000E+00 -4.00000E+00  0.00000E+00  0.00000E+00 -2.40000E+00  3.80132E+00  5.37587E+00  0.00000E+00 0.0 
 0.00000E+00  0.00000E+00 -4.00000E+00  0.00000E+00  0.00000E+00 -2.40000E+00  5.37587E+00  6.58407E+00  0.00000E+00 0.0 
 0.00000E+00  0.00000E+00 -4.00000E+00  0.00000E+00  0.00000E+00 -2.40000E+00  6.58407E+00  7.60263E+00  0.00000E+00 0.0 
 0.00000E+00  0.00000E+00 -4.00000E+00  0.00000E+00  0.00000E+00 -2.40000E+00  7.60263E+00  8.50000E+00  0.00000E+00 0.0 
 0.00000E+00  0.00000E+00 -4.00000E+00  0.00000E+00  0.00000E+00 -2.40000E+00  8.50000E+00  9.31128E+00  0.00000E+00 0.0 
 0.00000E+00  0.00000E+00 -4.00000E+00  0.00000E+00  0.00000E+00 -2.40000E+00  9.31128E+00  1.00573E+01  0.00000E+00 0.0 
 0.00000E+00  0.00000E+00 -4.00000E+00  0.00000E+00  0.00000E+00 -2.40000E+00  1.00573E+01  1.07517E+01  0.00000E+00 0.0 
 0.00000E+00  0.00000E+00 -4.00000E+00  0.00000E+00  0.00000E+00 -2.40000E+00  1.07517E+01  1.14039E+01  0.00000E+00 0.0 
 0.00000E+00  0.00000E+00 -4.00000E+00  0.00000E+00  0.00000E+00 -2.40000E+00  1.14039E+01  1.20208E+01  0.00000E+00 0.0 
 0.00000E+00  0.00000E+00 -4.00000E+00  0.00000E+00  0.00000E+00 -2.40000E+00  1.20208E+01  1.26075E+01  0.00000E+00 0.0 
 0.00000E+00  0.00000E+00 -4.00000E+00  0.00000E+00  0.00000E+00 -2.40000E+00  1.26075E+01  1.31681E+01  0.00000E+00 0.0 
 0.00000E+00  0.00000E+00 -4.00000E+00  0.00000E+00  0.00000E+00 -2.40000E+00  1.31681E+01  1.37058E+01  0.00000E+00 0.0 
 0.00000E+00  0.00000E+00 -4.00000E+00  0.00000E+00  0.00000E+00 -2.40000E+00  1.37058E+01  1.42232E+01  0.00000E+00 0.0 
 0.00000E+00  0.00000E+00 -4.00000E+00  0.00000E+00  0.00000E+00 -2.40000E+00  1.42232E+01  1.47224E+01  0.00000E+00 0.0 
 0.00000E+00  0.00000E+00 -4.00000E+00  0.00000E+00  0.00000E+00 -2.40000E+00  1.47224E+01  1.52053E+01  0.00000E+00 0.0 
 0.00000E+00  0.00000E+00 -4.00000E+00  0.00000E+00  0.00000E+00 -2.40000E+00  1.52053E+01  1.56732E+01  0.00000E+00 0.0 
 0.00000E+00  0.00000E+00 -4.00000E+00  0.00000E+00  0.00000E+00 -2.40000E+00  1.56732E+01  1.61276E+01  0.00000E+00 0.0 
 0.00000E+00  0.00000E+00 -4.00000E+00  0.00000E+00  0.00000E+00 -2.40000E+00  1.61276E+01  1.65696E+01  0.00000E+00 0.0 
 0.00000E+00  0.00000E+00 -4.00000E+00  0.00000E+00  0.00000E+00 -2.40000E+00  1.65696E+01  1.70000E+01  0.00000E+00 0.0 
 0.00000E+00  0.00000E+00 -2.40000E+00  0.00000E+00  0.00000E+00 -8.00000E-01  0.00000E+00  3.80132E+00  2.49799E+03 0.0 
 0.00000E+00  0.00000E+00 -2.40000E+00  0.00000E+00  0.00000E+00 -8.00000E-01  3.80132E+00  5.37587E+00  2.37064E+03 0.0 
 0.00000E+00  0.00000E+00 -2.40000E+00  0.00000E+00  0.00000E+00 -8.00000E-01  5.37587E+00  6.58407E+00  2.24640E+03 0.0 
 0.00000E+00  0.00000E+00 -2.40000E+00  0.00000E+00  0.00000E+00 -8.00000E-01  6.58407E+00  7.60263E+00  2.07152E+03 0.0 
 0.00000E+00  0.00000E+00 -2.40000E+00  0.00000E+00  0.00000E+00 -8.00000E-01  7.60263E+00  8.50000E+00  1.99689E+03 0.0 
 0.00000E+00  0.00000E+00 -2.40000E+00  0.00000E+00  0.00000E+00 -8.00000E-01  8.50000E+00  9.31128E+00  1.88415E+03 0.0 
 0.00000E+00  0.00000E+00 -2.40000E+00  0.00000E+00  0.00000E+00 -8.00000E-01  9.31128E+00  1.00573E+01  1.77545E+03 0.0 
 0.00000E+00  0.00000E+00 -2.40000E+00  0.00000E+00  0.00000E+00 -8.00000E-01  1.00573E+01  1.07517E+01  1.64303E+03 0.0 
 0.00000E+00  0.00000E+00 -2.40000E+00  0.00000E+00  0.00000E+00 -8.00000E-01  1.07517E+01  1.14039E+01  1.55525E+03 0.0 
 0.00000E+00  0.00000E+00 -2.40000E+00  0.00000E+00  0.00000E+00 -8.00000E-01  1.14039E+01  1.20208E+01  1.45053E+03 0.0 
 0.00000E+00  0.00000E+00 -2.40000E+00  0.00000E+00  0.00000E+00 -8.00000E-01  1.20208E+01  1.26075E+01  1.36397E+03 0.0 
 0.00000E+00  0.00000E+00 -2.40000E+00  0.00000E+00  0.00000E+00 -8.00000E-01  1.26075E+01  1.31681E+01  1.23596E+03 0.0 
 0.00000E+00  0.00000E+00 -2.40000E+00  0.00000E+00  0.00000E+00 -8.00000E-01  1.31681E+01  1.37058E+01  1.14860E+03 0.0 
 0.00000E+00  0.00000E+00 -2.40000E+00  0.00000E+00  0.00000E+00 -8.00000E-01  1.37058E+01  1.42232E+01  1.02361E+03 0.0 
 0.00000E+00  0.00000E+00 -2.40000E+00  0.00000E+00  0.00000E+00 -8.00000E-01  1.42232E+01  1.47224E+01  9.46786E+02 0.0 
 0.00000E+00  0.00000E+00 -2.40000E+00  0.00000E+00  0.00000E+00 -8.00000E-01  1.47224E+01  1.52053E+01  8.59093E+02 0.0 
 0.00000E+00  0.00000E+00 -2.40000E+00  0.00000E+00  0.00000E+00 -8.00000E-01  1.52053E+01  1.56732E+01  7.52230E+02 0.0 
 0.00000E+00  0.00000E+00 -2.40000E+00  0.00000E+00  0.00000E+00 -8.00000E-01  1.56732E+01  1.61276E+01  6.67648E+02 0.0 
 0.00000E+00  0.00000E+00 -2.40000E+00  0.00000E+00  0.00000E+00 -8.00000E-01  1.61276E+01  1.65696E+01  5.71681E+02 0.0 
 0.00000E+00  0.00000E+00 -2.40000E+00  0.00000E+00  0.00000E+00 -8.00000E-01  1.65696E+01  1.70000E+01  5.24486E+02 0.0 
 0.00000E+00  0.00000E+00 -8.00000E-01  0.00000E+00  0.00000E+00  8.00000E-01  0.00000E+00  3.80132E+00  2.18046E+04 0.0 
 0.00000E+00  0.00000E+00 -8.00000E-01  0.00000E+00  0.00000E+00  8.00000E-01  3.80132E+00  5.37587E+00  2.04506E+04 0.0 
 0.00000E+00  0.00000E+00 -8.00000E-01  0.00000E+00  0.00000E+00  8.00000E-01  5.37587E+00  6.58407E+00  1.93150E+04 0.0 
 0.00000E+00  0.00000E+00 -8.00000E-01  0.00000E+00  0.00000E+00  8.00000E-01  6.58407E+00  7.60263E+00  1.81647E+04 0.0 
 0.00000E+00  0.00000E+00 -8.00000E-01  0.00000E+00  0.00000E+00  8.00000E-01  7.60263E+00  8.50000E+00  1.71896E+04 0.0 
 0.00000E+00  0.00000E+00 -8.00000E-01  0.00000E+00  0.00000E+00  8.00000E-01  8.50000E+00  9.31128E+00  1.63060E+04 0.0 
 0.00000E+00  0.00000E+00 -8.00000E-01  0.00000E+00  0.00000E+00  8.00000E-01  9.31128E+00  1.00573E+01  1.52350E+04 0.0 
 0.00000E+00  0.00000E+00 -8.00000E-01  0.00000E+00  0.00000E+00  8.00000E-01  1.00573E+01  1.07517E+01  1.41802E+04 0.0 
 0.00000E+00  0.00000E+00 -8.00000E-01  0.00000E+00  0.00000E+00  8.00000E-01  1.07517E+01  1.14039E+01  1.32830E+04 0.0 
 0.00000E+00  0.00000E+00 -8.00000E-01  0.00000E+00  0.00000E+00  8.00000E-01  1.14039E+01  1.20208E+01  1.24374E+04 0.0 
 0.00000E+00  0.00000E+00 -8.00000E-01  0.00000E+00  0.00000E+00  8.00000E-01  1.20208E+01  1.26075E+01  1.14526E+04 0.0 
 0.00000E+00  0.00000E+00 -8.00000E-01  0.00000E+00  0.00000E+00  8.00000E-01  1.26075E+01  1.31681E+01  1.05269E+04 0.0 
 0.00000E+00  0.00000E+00 -8.00000E-01  0.00000E+00  0.00000E+00  8.00000E-01  1.31681E+01  1.37058E+01  9.67152E+03 0.0 
 0.00000E+00  0.00000E+00 -8.00000E-01  0.00000E+00  0.00000E+00  8.00000E-01  1.37058E+01  1.42232E+01  8.63833E+03 0.0 
 0.00000E+00  0.00000E+00 -8.00000E-01  0.00000E+00  0.00000E+00  8.00000E-01  1.42232E+01  1.47224E+01  7.75401E+03 0.0 
 0.00000E+00  0.00000E+00 -8.00000E-01  0.00000E+00  0.00000E+00  8.00000E-01  1.47224E+01  1.52053E+01  6.94671E+03 0.0 
 0.00000E+00  0.00000E+00 -8.00000E-01  0.00000E+00  0.00000E+00  8.00000E-01  1.52053E+01  1.56732E+01  6.07343E+03 0.0 
 0.00000E+00  0.00000E+00 -8.00000E-01  0.00000E+00  0.00000E+00  8.00000E-01  1.56732E+01  1.61276E+01  5.21532E+03 0.0 
 0.00000E+00  0.00000E+00 -8.00000E-01  0.00000E+00  0.00000E+00  8.00000E-01  1.61276E+01  1.65696E+01  4.32776E+03 0.0 
 0.00000E+00  0.00000E+00 -8.00000E-01  0.00000E+00  0.00000E+00  8.00000E-01  1.65696E+01  1.70000E+01  3.76508E+03 0.0 
 0.00000E+00  0.00000E+00  8.00000E-01  0.00000E+00  0.00000E+00  2.40000E+00  0.00000E+00  3.80132E+00  2.52135E+03 0.0 
 0.00000E+00  0.00000E+00  8.00000E-01  0.00000E+00  0.00000E+00  2.40000E+00  3.80132E+00  5.37587E+00  2.39491E+03 0.0 
 0.00000E+00  0.00000E+00  8.00000E-01  0.00000E+00  0.00000E+00  2.40000E+00  5.37587E+00  6.58407E+00  2.23146E+03 0.0 
 0.00000E+00  0.00000E+00  8.00000E-01  0.00000E+00  0.00000E+00  2.40000E+00  6.58407E+00  7.60263E+00  2.13204E+03 0.0 
 0.00000E+00  0.00000E+00  8.00000E-01  0.00000E+00  0.00000E+00  2.40000E+00  7.60263E+00  8.50000E+00  2.04538E+03 0.0 
 0.00000E+00  0.00000E+00  8.00000E-01  0.00000E+00  0.00000E+00  2.40000E+00  8.50000E+00  9.31128E+00  1.89501E+03 0.0 
 0.00000E+00  0.00000E+00  8.00000E-01  0.00000E+00  0.00000E+00  2.40000E+00  9.31128E+00  1.00573E+01  1.75442E+03 0.0 
 0.00000E+00  0.00000E+00  8.00000E-01  0.00000E+00  0.00000E+00  2.40000E+00  1.00573E+01  1.07517E+01  1.65029E+03 0.0 
 0.00000E+00  0.00000E+00  8.00000E-01  0.00000E+00  0.00000E+00  2.40000E+00  1.07517E+01  1.14039E+01  1.57571E+03 0.0 
 0.00000E+00  0.00000E+00  8.00000E-01  0.00000E+00  0.00000E+00  2.40000E+00  1.14039E+01  1.20208E+01  1.45260E+03 0.0 
 0.00000E+00  0.00000E+00  8.00000E-01  0.00000E+00  0.00000E+00  2.40000E+00  1.20208E+01  1.26075E+01  1.35878E+03 0.0 
 0.00000E+00  0.00000E+00  8.00000E-01  0.00000E+00  0.00000E+00  2.40000E+00  1.26075E+01  1.31681E+01  1.22003E+03 0.0 
 0.00000E+00  0.00000E+00  8.00000E-01  0.00000E+00  0.00000E+00  2.40000E+00  1.31681E+01  1.37058E+01  1.11323E+03 0.0 
 0.00000E+00  0.00000E+00  8.00000E-01  0.00000E+00  0.00000E+00  2.40000E+00  1.37058E+01  1.42232E+01  1.04086E+03 0.0 
 0.00000E+00  0.00000E+00  8.00000E-01  0.00000E+00  0.00000E+00  2.40000E+00  1.42232E+01  1.47224E+01  9.31384E+02 0.0 
 0.00000E+00  0.00000E+00  8.00000E-01  0.00000E+00  0.00000E+00  2.40000E+00  1.47224E+01  1.52053E+01  8.46143E+02 0.0 
 0.00000E+00  0.00000E+00  8.00000E-01  0.00000E+00  0.00000E+00  2.40000E+00  1.52053E+01  1.56732E+01  7.42783E+02 0.0 
 0.00000E+00  0.00000E+00  8.00000E-01  0.00000E+00  0.00000E+00  2.40000E+00  1.56732E+01  1.61276E+01  6.54274E+02 0.0 
 0.00000E+00  0.00000E+00  8.00000E-01  0.00000E+00  0.00000E+00  2.40000E+00  1.61276E+01  1.65696E+01  5.87517E+02 0.0 
 0.00000E+00  0.00000E+00  8.00000E-01  0.00000E+00  0.00000E+00  2.40000E+00  1.65696E+01  1.70000E+01  5.28052E+02 0.0 
 0.00000E+00  0.00000E+00  2.40000E+00  0.00000E+00  0.00000E+00  4.00000E+00  0.00000E+00  3.80132E+00  0.00000E+00 0.0 
 0.00000E+00  0.00000E+00  2.40000E+00  0.00000E+00  0.00000E+00  4.00000E+00  3.80132E+00  5.37587E+00  0.00000E+00 0.0 
 0.00000E+00  0.00000E+00  2.40000E+00  0.00000E+00  0.00000E+00  4.00000E+00  5.37587E+00  6.58407E+00  0.00000E+00 0.0 
 0.00000E+00  0.00000E+00  2.40000E+00  0.00000E+00  0.00000E+00  4.00000E+00  6.58407E+00  7.60263E+00  0.00000E+00 0.0 
 0.00000E+00  0.00000E+00  2.40000E+00  0.00000E+00  0.00000E+00  4.00000E+00  7.60263E+00  8.50000E+00  0.00000E+00 0.0 
 0.00000E+00  0.00000E+00  2.40000E+00  0.00000E+00  0.00000E+00  4.00000E+00  8.50000E+00  9.31128E+00  0.00000E+00 0.0 
 0.00000E+00  0.00000E+00  2.40000E+00  0.00000E+00  0.00000E+00  4.00000E+00  9.31128E+00  1.00573E+01  0.00000E+00 0.0 
 0.00000E+00  0.00000E+00  2.40000E+00  0.00000E+00  0.00000E+00  4.00000E+00  1.00573E+01  1.07517E+01  0.00000E+00 0.0 
 0.00000E+00  0.00000E+00  2.40000E+00  0.00000E+00  0.00000E+00  4.00000E+00  1.07517E+01  1.14039E+01  0.00000E+00 0.0 
 0.00000E+00  0.00000E+00  2.40000E+00  0.00000E+00  0.00000E+00  4.00000E+00  1.14039E+01  1.20208E+01  0.00000E+00 0.0 
 0.00000E+00  0.00000E+00  2.40000E+00  0.00000E+00  0.00000E+00  4.00000E+00  1.20208E+01  1.26075E+01  0.00000E+00 0.0 
 0.00000E+00  0.00000E+00  2.40000E+00  0.00000E+00  0.00000E+00  4.00000E+00  1.26075E+01  1.31681E+01  0.00000E+00 0.0 
 0.00000E+00  0.00000E+00  2.40000E+00  0.00000E+00  0.00000E+00  4.00000E+00  1.31681E+01  1.37058E+01  0.00000E+00 0.0 
 0.00000E+00  0.00000E+00  2.40000E+00  0.00000E+00  0.00000E+00  4.00000E+00  1.37058E+01  1.42232E+01  0.00000E+00 0.0 
 0.00000E+00  0.00000E+00  2.40000E+00  0.00000E+00  0.00000E+00  4.00000E+00  1.42232E+01  1.47224E+01  0.00000E+00 0.0 
 0.00000E+00  0.00000E+00  2.40000E+00  0.00000E+00  0.00000E+00  4.00000E+00  1.47224E+01  1.52053E+01  0.00000E+00 0.0 
 0.00000E+00  0.00000E+00  2.40000E+00  0.00000E+00  0.00000E+00  4.00000E+00  1.52053E+01  1.56732E+01  0.00000E+00 0.0 
 0.00000E+00  0.00000E+00  2.40000E+00  0.00000E+00  0.00000E+00  4.00000E+00  1.56732E+01  1.61276E+01  0.00000E+00 0.0 
 0.00000E+00  0.00000E+00  2.40000E+00  0.00000E+00  0.00000E+00  4.00000E+00  1.61276E+01  1.65696E+01  0.00000E+00 0.0 
 0.00000E+00  0.00000E+00  2.40000E+00  0.00000E+00  0.00000E+00  4.00000E+00  1.65696E+01  1.70000E+01  0.00000E+00 0.0 
